0 info it worked if it ends with ok
1 verbose cli [ '/usr/local/bin/node', '/usr/local/bin/npm', 'start' ]
2 info using npm@2.14.3
3 info using node@v4.1.0
4 verbose run-script [ 'prestart', 'start', 'poststart' ]
5 info prestart terminator-app@0.0.1
6 verbose unsafe-perm in lifecycle true
7 info start terminator-app@0.0.1
8 verbose unsafe-perm in lifecycle true
9 info terminator-app@0.0.1 Failed to exec start script
10 verbose stack Error: terminator-app@0.0.1 start: `http-server -a localhost -p 8000 -c-1`
10 verbose stack Exit status 1
10 verbose stack     at EventEmitter.<anonymous> (/usr/local/lib/node_modules/npm/lib/utils/lifecycle.js:214:16)
10 verbose stack     at emitTwo (events.js:87:13)
10 verbose stack     at EventEmitter.emit (events.js:172:7)
10 verbose stack     at ChildProcess.<anonymous> (/usr/local/lib/node_modules/npm/lib/utils/spawn.js:24:14)
10 verbose stack     at emitTwo (events.js:87:13)
10 verbose stack     at ChildProcess.emit (events.js:172:7)
10 verbose stack     at maybeClose (internal/child_process.js:817:16)
10 verbose stack     at Process.ChildProcess._handle.onexit (internal/child_process.js:211:5)
11 verbose pkgid terminator-app@0.0.1
12 verbose cwd /Users/chaordic/Desktop/Projects/Terminator
13 error Darwin 14.3.0
14 error argv "/usr/local/bin/node" "/usr/local/bin/npm" "start"
15 error node v4.1.0
16 error npm  v2.14.3
17 error code ELIFECYCLE
18 error terminator-app@0.0.1 start: `http-server -a localhost -p 8000 -c-1`
18 error Exit status 1
19 error Failed at the terminator-app@0.0.1 start script 'http-server -a localhost -p 8000 -c-1'.
19 error This is most likely a problem with the terminator-app package,
19 error not with npm itself.
19 error Tell the author that this fails on your system:
19 error     http-server -a localhost -p 8000 -c-1
19 error You can get their info via:
19 error     npm owner ls terminator-app
19 error There is likely additional logging output above.
20 verbose exit [ 1, true ]
